<?xml version="1.0" encoding="UTF-8"?>
<!-- Generated by org.testng.reporters.JUnitReportReporter -->
<testsuite hostname="LAPTOP-1T29DSRM" failures="0" tests="1" name="tests.basic.CheckPDF_TestExample" time="10.070" errors="0" timestamp="24 דצמ׳ 2020 07:28:43 GMT" skipped="0">
  <testcase classname="tests.basic.CheckPDF_TestExample" name="test" time="10.070"/>
</testsuite> <!-- tests.basic.CheckPDF_TestExample -->
